TN:
SF:./src/EventService.js
FN:1,(anonymous_1)
FN:10,(anonymous_2)
FN:20,(anonymous_3)
FN:24,(anonymous_4)
FN:31,(anonymous_5)
FN:37,(anonymous_6)
FN:56,(anonymous_7)
FN:67,(anonymous_8)
FN:80,(anonymous_9)
FN:103,(anonymous_10)
FN:120,(anonymous_11)
FN:137,(anonymous_12)
FN:153,(anonymous_13)
FN:166,(anonymous_14)
FN:180,(anonymous_15)
FN:191,(anonymous_16)
FN:204,(anonymous_17)
FN:217,(anonymous_18)
FN:230,(anonymous_19)
FN:263,(anonymous_20)
FN:322,(anonymous_21)
FN:341,(anonymous_22)
FN:346,(anonymous_23)
FN:356,(anonymous_24)
FN:363,(anonymous_25)
FN:378,(anonymous_26)
FN:416,(anonymous_27)
FN:445,(anonymous_28)
FN:457,(anonymous_29)
FN:466,(anonymous_30)
FNF:30
FNH:29
FNDA:1,(anonymous_1)
FNDA:78,(anonymous_2)
FNDA:105,(anonymous_3)
FNDA:462,(anonymous_4)
FNDA:393,(anonymous_5)
FNDA:69,(anonymous_6)
FNDA:357,(anonymous_7)
FNDA:6,(anonymous_8)
FNDA:63,(anonymous_9)
FNDA:3,(anonymous_10)
FNDA:3,(anonymous_11)
FNDA:60,(anonymous_12)
FNDA:64,(anonymous_13)
FNDA:4,(anonymous_14)
FNDA:2,(anonymous_15)
FNDA:78,(anonymous_16)
FNDA:72,(anonymous_17)
FNDA:72,(anonymous_18)
FNDA:50,(anonymous_19)
FNDA:63,(anonymous_20)
FNDA:69,(anonymous_21)
FNDA:0,(anonymous_22)
FNDA:5,(anonymous_23)
FNDA:4,(anonymous_24)
FNDA:6,(anonymous_25)
FNDA:3,(anonymous_26)
FNDA:29,(anonymous_27)
FNDA:6,(anonymous_28)
FNDA:12,(anonymous_29)
FNDA:58,(anonymous_30)
DA:1,1
DA:5,1
DA:11,78
DA:15,78
DA:16,63
DA:21,105
DA:25,462
DA:26,462
DA:27,462
DA:28,462
DA:32,393
DA:38,69
DA:57,357
DA:58,150
DA:61,207
DA:62,0
DA:64,207
DA:68,6
DA:70,6
DA:71,6
DA:80,1
DA:81,63
DA:82,63
DA:83,63
DA:84,63
DA:85,63
DA:87,63
DA:90,1
DA:104,3
DA:105,3
DA:106,3
DA:121,3
DA:122,3
DA:123,3
DA:138,60
DA:140,60
DA:141,57
DA:154,64
DA:167,4
DA:168,4
DA:181,2
DA:182,2
DA:192,78
DA:193,78
DA:205,72
DA:218,72
DA:219,0
DA:230,1
DA:233,1
DA:264,63
DA:279,63
DA:280,13
DA:281,1
DA:283,13
DA:286,63
DA:287,4
DA:290,63
DA:291,63
DA:293,63
DA:323,69
DA:326,65
DA:328,4
DA:329,4
DA:337,4
DA:338,0
DA:341,4
DA:342,0
DA:343,0
DA:348,5
DA:349,1
DA:352,4
DA:356,2
DA:357,4
DA:363,2
DA:365,6
DA:366,4
DA:372,4
DA:374,2
DA:378,2
DA:379,3
DA:417,29
DA:421,29
DA:423,29
DA:425,29
DA:427,29
DA:430,0
DA:434,29
DA:439,29
DA:441,26
DA:443,3
DA:445,3
DA:446,6
DA:448,4
DA:453,29
DA:455,27
DA:457,5
DA:458,12
DA:462,27
DA:464,27
DA:466,27
DA:467,58
DA:474,1
LF:102
LH:96
BRDA:1,1,0,1
BRDA:1,1,1,1
BRDA:11,2,0,78
BRDA:11,2,1,62
BRDA:15,3,0,63
BRDA:15,3,1,15
BRDA:21,4,0,2
BRDA:21,4,1,103
BRDA:21,5,0,54
BRDA:21,5,1,49
BRDA:25,6,0,462
BRDA:25,6,1,462
BRDA:26,7,0,462
BRDA:26,7,1,462
BRDA:57,8,0,150
BRDA:57,8,1,207
BRDA:57,9,0,357
BRDA:57,9,1,150
BRDA:61,10,0,0
BRDA:61,10,1,207
BRDA:62,11,0,0
BRDA:62,11,1,0
BRDA:68,12,0,6
BRDA:68,12,1,6
BRDA:70,13,0,6
BRDA:70,13,1,0
BRDA:70,14,0,6
BRDA:70,14,1,6
BRDA:87,15,0,63
BRDA:87,15,1,43
BRDA:105,16,0,3
BRDA:105,16,1,1
BRDA:122,17,0,3
BRDA:122,17,1,1
BRDA:140,18,0,57
BRDA:140,18,1,3
BRDA:218,19,0,0
BRDA:218,19,1,72
BRDA:276,20,0,63
BRDA:276,20,1,63
BRDA:279,21,0,13
BRDA:279,21,1,50
BRDA:280,22,0,1
BRDA:280,22,1,12
BRDA:286,23,0,4
BRDA:286,23,1,59
BRDA:323,24,0,65
BRDA:323,24,1,4
BRDA:328,25,0,4
BRDA:328,25,1,0
BRDA:329,26,0,4
BRDA:329,26,1,3
BRDA:334,27,0,4
BRDA:334,27,1,0
BRDA:337,28,0,0
BRDA:337,28,1,4
BRDA:348,29,0,1
BRDA:348,29,1,4
BRDA:348,30,0,5
BRDA:348,30,1,5
BRDA:352,31,0,2
BRDA:352,31,1,2
BRDA:365,32,0,4
BRDA:365,32,1,2
BRDA:372,33,0,2
BRDA:372,33,1,2
BRDA:421,34,0,29
BRDA:421,34,1,0
BRDA:434,35,0,8
BRDA:434,35,1,21
BRDA:436,36,0,29
BRDA:436,36,1,0
BRDA:439,37,0,26
BRDA:439,37,1,3
BRDA:441,38,0,26
BRDA:441,38,1,0
BRDA:446,39,0,4
BRDA:446,39,1,2
BRDA:453,40,0,27
BRDA:453,40,1,2
BRDA:455,41,0,5
BRDA:455,41,1,22
BRF:82
BRH:71
end_of_record
